<?xml version="1.0" encoding="utf-8" standalone="no"?>
<test-run id="2" testcasecount="1" result="Passed" total="1" passed="1" failed="0" inconclusive="0" skipped="0" asserts="0" engine-version="3.10.0.0" clr-version="4.0.30319.42000" start-time="2019-05-26 06:34:34Z" end-time="2019-05-26 06:34:40Z" duration="5.445243">
  <command-line><![CDATA["C:\Users\Matt\.nuget\packages\nunit.consolerunner\3.10.0\tools\nunit3-console.exe" F:\Dev\matteland.emergence.wincore\MattEland.Emergence.Tests\bin\Debug\MattEland.Emergence.Tests.dll --result=F:\Dev\matteland.emergence.wincore\NUnitResults.xml]]></command-line>
  <test-suite type="Assembly" id="0-1002" name="MattEland.Emergence.Tests.dll" fullname="F:\Dev\matteland.emergence.wincore\MattEland.Emergence.Tests\bin\Debug\MattEland.Emergence.Tests.dll" runstate="Runnable" testcasecount="1" result="Passed" start-time="2019-05-26 06:34:38Z" end-time="2019-05-26 06:34:40Z" duration="1.441934" total="1" passed="1" failed="0" warnings="0" inconclusive="0" skipped="0" asserts="0">
    <environment framework-version="3.12.0.0" clr-version="4.0.30319.42000" os-version="Microsoft Windows NT 10.0.17763.0" platform="Win32NT" cwd="F:\Dev\matteland.emergence.wincore" machine-name="ALFRED" user="Matt" user-domain="ALFRED" culture="en-US" uiculture="en-US" os-architecture="x64" />
    <settings>
      <setting name="DisposeRunners" value="True" />
      <setting name="WorkDirectory" value="F:\Dev\matteland.emergence.wincore" />
      <setting name="ImageRuntimeVersion" value="4.0.30319" />
      <setting name="ImageTargetFrameworkName" value=".NETFramework,Version=v4.7.1" />
      <setting name="ImageRequiresX86" value="False" />
      <setting name="ImageRequiresDefaultAppDomainAssemblyResolver" value="False" />
      <setting name="NumberOfTestWorkers" value="8" />
    </settings>
    <properties>
      <property name="_PID" value="6748" />
      <property name="_APPDOMAIN" value="domain-" />
    </properties>
    <test-suite type="TestSuite" id="0-1003" name="MattEland" fullname="MattEland" runstate="Runnable" testcasecount="1" result="Passed" start-time="2019-05-26 06:34:38Z" end-time="2019-05-26 06:34:40Z" duration="1.404315" total="1" passed="1" failed="0" warnings="0" inconclusive="0" skipped="0" asserts="0">
      <test-suite type="TestSuite" id="0-1004" name="Emergence" fullname="MattEland.Emergence" runstate="Runnable" testcasecount="1" result="Passed" start-time="2019-05-26 06:34:38Z" end-time="2019-05-26 06:34:40Z" duration="1.402502" total="1" passed="1" failed="0" warnings="0" inconclusive="0" skipped="0" asserts="0">
        <test-suite type="TestSuite" id="0-1005" name="Tests" fullname="MattEland.Emergence.Tests" runstate="Runnable" testcasecount="1" result="Passed" start-time="2019-05-26 06:34:38Z" end-time="2019-05-26 06:34:40Z" duration="1.401750" total="1" passed="1" failed="0" warnings="0" inconclusive="0" skipped="0" asserts="0">
          <test-suite type="TestFixture" id="0-1000" name="GameServiceTests" fullname="MattEland.Emergence.Tests.GameServiceTests" classname="MattEland.Emergence.Tests.GameServiceTests" runstate="Runnable" testcasecount="1" result="Passed" start-time="2019-05-26 06:34:38Z" end-time="2019-05-26 06:34:40Z" duration="1.393239" total="1" passed="1" failed="0" warnings="0" inconclusive="0" skipped="0" asserts="0">
            <test-case id="0-1001" name="StartingTheGameShouldReturnMessages" fullname="MattEland.Emergence.Tests.GameServiceTests.StartingTheGameShouldReturnMessages" methodname="StartingTheGameShouldReturnMessages" classname="MattEland.Emergence.Tests.GameServiceTests" runstate="Runnable" seed="692128949" result="Passed" start-time="2019-05-26 06:34:38Z" end-time="2019-05-26 06:34:40Z" duration="1.363804" asserts="0" />
          </test-suite>
        </test-suite>
      </test-suite>
    </test-suite>
  </test-suite>
</test-run>